<?xml version="1.0" encoding="UTF-8"?>
<!-- Generated by org.testng.reporters.JUnitReportReporter -->
<testsuite skipped="0" hostname="devops182" name="jpetStoreckg.catalogueTest2" tests="1" failures="0" timestamp="02 Sep 2017 05:21:27 GMT" time="5.521" errors="0">
  <testcase name="setup" time="5.521" classname="jpetStoreckg.catalogueTest2"/>
</testsuite> <!-- jpetStoreckg.catalogueTest2 -->
