<?xml version="1.0" encoding="UTF-8"?>
<!-- Generated by org.testng.reporters.JUnitReportReporter -->
<testsuite skipped="0" hostname="devops182" name="jpetStoreckg.baseTest" tests="1" failures="0" timestamp="02 Sep 2017 05:19:49 GMT" time="5.256" errors="0">
  <testcase name="setup" time="5.256" classname="jpetStoreckg.baseTest"/>
</testsuite> <!-- jpetStoreckg.baseTest -->
