<?xml version="1.0" encoding="UTF-8"?>
<!-- Generated by org.testng.reporters.JUnitReportReporter -->
<testsuite skipped="0" hostname="devops182" name="jpetStoreckg.catalogueDetailPage2" tests="1" failures="0" timestamp="02 Sep 2017 05:20:29 GMT" time="5.576" errors="0">
  <testcase name="setup" time="5.576" classname="jpetStoreckg.catalogueDetailPage2"/>
</testsuite> <!-- jpetStoreckg.catalogueDetailPage2 -->
