<?xml version="1.0" encoding="UTF-8"?>
<!-- Generated by org.testng.reporters.JUnitReportReporter -->
<testsuite skipped="0" hostname="devops182" name="jpetStoreckg.Register" tests="1" failures="0" timestamp="02 Sep 2017 05:22:43 GMT" time="6.491" errors="0">
  <testcase name="setup" time="6.491" classname="jpetStoreckg.Register"/>
</testsuite> <!-- jpetStoreckg.Register -->
