<?xml version="1.0" encoding="UTF-8"?>
<!-- Generated by org.testng.reporters.JUnitReportReporter -->
<testsuite skipped="0" hostname="devops182" name="jpetStoreckg.homeButtonTest" tests="1" failures="0" timestamp="30 Aug 2017 06:35:13 GMT" time="6.606" errors="0">
  <testcase name="setup" time="6.606" classname="jpetStoreckg.homeButtonTest"/>
</testsuite> <!-- jpetStoreckg.homeButtonTest -->
