<?xml version="1.0" encoding="UTF-8"?>
<!-- Generated by org.testng.reporters.JUnitReportReporter -->
<testsuite skipped="0" hostname="devops182" name="jpetStoreckg.catalogueDetailPage5" tests="1" failures="0" timestamp="02 Sep 2017 05:21:05 GMT" time="5.633" errors="0">
  <testcase name="setup" time="5.633" classname="jpetStoreckg.catalogueDetailPage5"/>
</testsuite> <!-- jpetStoreckg.catalogueDetailPage5 -->
