<?xml version="1.0" encoding="UTF-8"?>
<!-- Generated by org.testng.reporters.JUnitReportReporter -->
<testsuite skipped="0" hostname="devops182" name="jpetStoreckg.homePageNavigation" tests="1" failures="0" timestamp="02 Sep 2017 05:22:10 GMT" time="5.418" errors="0">
  <testcase name="setup" time="5.418" classname="jpetStoreckg.homePageNavigation"/>
</testsuite> <!-- jpetStoreckg.homePageNavigation -->
