<?xml version="1.0" encoding="UTF-8"?>
<!-- Generated by org.testng.reporters.JUnitReportReporter -->
<testsuite skipped="0" hostname="devops182" name="jpetStoreckg.catalogueTest4" tests="1" failures="0" timestamp="02 Sep 2017 05:21:48 GMT" time="4.861" errors="0">
  <testcase name="setup" time="4.861" classname="jpetStoreckg.catalogueTest4"/>
</testsuite> <!-- jpetStoreckg.catalogueTest4 -->
