<?xml version="1.0" encoding="UTF-8"?>
<!-- Generated by org.testng.reporters.JUnitReportReporter -->
<testsuite skipped="0" hostname="devops182" name="jpetStoreckg.signOut" tests="1" failures="0" timestamp="02 Sep 2017 07:58:08 GMT" time="7.143" errors="0">
  <testcase name="setup" time="7.143" classname="jpetStoreckg.signOut"/>
</testsuite> <!-- jpetStoreckg.signOut -->
