<?xml version="1.0" encoding="UTF-8"?>
<!-- Generated by org.testng.reporters.JUnitReportReporter -->
<testsuite skipped="0" hostname="devops182" name="jpetStoreckg.catalogueTest" tests="1" failures="0" timestamp="02 Sep 2017 05:21:16 GMT" time="4.951" errors="0">
  <testcase name="setup" time="4.951" classname="jpetStoreckg.catalogueTest"/>
</testsuite> <!-- jpetStoreckg.catalogueTest -->
