<?xml version="1.0" encoding="UTF-8"?>
<!-- Generated by org.testng.reporters.JUnitReportReporter -->
<testsuite skipped="0" hostname="devops182" name="jpetStoreckg.cartPage" tests="1" failures="0" timestamp="20 Dec 2017 12:15:34 GMT" time="7.472" errors="0">
  <testcase name="Tc2" time="7.472" classname="jpetStoreckg.cartPage"/>
</testsuite> <!-- jpetStoreckg.cartPage -->
