<?xml version="1.0" encoding="UTF-8"?>
<!-- Generated by org.testng.reporters.JUnitReportReporter -->
<testsuite skipped="0" hostname="devops182" name="jpetStoreckg.signOut" tests="1" failures="0" timestamp="23 Dec 2017 09:27:26 GMT" time="13.451" errors="0">
  <testcase name="Tc16" time="13.451" classname="jpetStoreckg.signOut"/>
</testsuite> <!-- jpetStoreckg.signOut -->
