<?xml version="1.0" encoding="UTF-8"?>
<!-- Generated by org.testng.reporters.JUnitReportReporter -->
<testsuite skipped="0" hostname="devops182" name="jpetStoreckg.catalogueTest3" tests="1" failures="0" timestamp="23 Dec 2017 09:27:26 GMT" time="11.242" errors="0">
  <testcase name="Tc10" time="11.242" classname="jpetStoreckg.catalogueTest3"/>
</testsuite> <!-- jpetStoreckg.catalogueTest3 -->
