<?xml version="1.0" encoding="UTF-8"?>
<!-- Generated by org.testng.reporters.JUnitReportReporter -->
<testsuite skipped="0" hostname="devops182" name="jpetStoreckg.catalogueTest2" tests="1" failures="0" timestamp="23 Dec 2017 09:27:26 GMT" time="13.846" errors="0">
  <testcase name="Tc9" time="13.846" classname="jpetStoreckg.catalogueTest2"/>
</testsuite> <!-- jpetStoreckg.catalogueTest2 -->
