<?xml version="1.0" encoding="UTF-8"?>
<!-- Generated by org.testng.reporters.JUnitReportReporter -->
<testsuite skipped="0" hostname="devops182" name="jpetStoreckg.homePageNavigation" tests="1" failures="0" timestamp="23 Dec 2017 09:27:26 GMT" time="9.609" errors="0">
  <testcase name="Tc13" time="9.609" classname="jpetStoreckg.homePageNavigation"/>
</testsuite> <!-- jpetStoreckg.homePageNavigation -->
