<?xml version="1.0" encoding="UTF-8"?>
<!-- Generated by org.testng.reporters.JUnitReportReporter -->
<testsuite skipped="0" hostname="devops182" name="jpetStoreckg.cartPage" tests="1" failures="0" timestamp="23 Dec 2017 09:27:26 GMT" time="6.639" errors="0">
  <testcase name="Tc2" time="6.639" classname="jpetStoreckg.cartPage"/>
</testsuite> <!-- jpetStoreckg.cartPage -->
