<?xml version="1.0" encoding="UTF-8"?>
<!-- Generated by org.testng.reporters.JUnitReportReporter -->
<testsuite skipped="0" hostname="devops182" name="jpetStoreckg.catalogueDetailPage5" tests="1" failures="0" timestamp="23 Dec 2017 09:27:26 GMT" time="8.181" errors="0">
  <testcase name="Tc7" time="8.181" classname="jpetStoreckg.catalogueDetailPage5"/>
</testsuite> <!-- jpetStoreckg.catalogueDetailPage5 -->
