<?xml version="1.0" encoding="UTF-8"?>
<!-- Generated by org.testng.reporters.JUnitReportReporter -->
<testsuite skipped="0" hostname="devops182" name="jpetStoreckg.catalogueDetailPage3" tests="1" failures="0" timestamp="23 Dec 2017 09:27:26 GMT" time="10.512" errors="0">
  <testcase name="Tc5" time="10.512" classname="jpetStoreckg.catalogueDetailPage3"/>
</testsuite> <!-- jpetStoreckg.catalogueDetailPage3 -->
