<?xml version="1.0" encoding="UTF-8"?>
<!-- Generated by org.testng.reporters.JUnitReportReporter -->
<testsuite skipped="0" hostname="devops182" name="jpetStoreckg.catalogueDetailPage2" tests="1" failures="0" timestamp="23 Dec 2017 09:27:26 GMT" time="5.993" errors="0">
  <testcase name="Tc4" time="5.993" classname="jpetStoreckg.catalogueDetailPage2"/>
</testsuite> <!-- jpetStoreckg.catalogueDetailPage2 -->
