<?xml version="1.0" encoding="UTF-8"?>
<!-- Generated by org.testng.reporters.JUnitReportReporter -->
<testsuite skipped="0" hostname="devops182" name="jpetStoreckg.catalogueDetailPage4" tests="1" failures="0" timestamp="23 Dec 2017 09:27:26 GMT" time="17.993" errors="0">
  <testcase name="Tc6" time="17.993" classname="jpetStoreckg.catalogueDetailPage4"/>
</testsuite> <!-- jpetStoreckg.catalogueDetailPage4 -->
